#
# There is insufficient memory for the Java Runtime Environment to continue.
# Native memory allocation (mmap) failed to map 715915264 bytes for committing reserved memory.
# Possible reasons:
#   The system is out of physical RAM or swap space
#   In 32 bit mode, the process size limit was hit
# Possible solutions:
#   Reduce memory load on the system
#   Increase physical memory or swap space
#   Check if swap backing store is full
#   Use 64 bit Java on a 64 bit OS
#   Decrease Java heap size (-Xmx/-Xms)
#   Decrease number of Java threads
#   Decrease Java thread stack sizes (-Xss)
#   Set larger code cache with -XX:ReservedCodeCacheSize=
# This output file may be truncated or incomplete.
#
#  Out of Memory Error (os_linux.cpp:2627), pid=20416, tid=1983272032
#
# JRE version:  (8.0_65-b17) (build )
# Java VM: Java HotSpot(TM) Client VM (25.65-b01 mixed mode, sharing linux-arm )
# Failed to write core dump. Core dumps have been disabled. To enable core dumping, try "ulimit -c unlimited" before starting Java again
#

---------------  T H R E A D  ---------------

Current thread (0x76207000):  JavaThread "Unknown thread" [_thread_in_vm, id=20417, stack(0x76316000,0x76366000)]

Stack: [0x76316000,0x76366000]

---------------  P R O C E S S  ---------------

Java Threads: ( => current thread )

Other Threads:

=>0x76207000 (exited) JavaThread "Unknown thread" [_thread_in_vm, id=20417, stack(0x76316000,0x76366000)]

VM state:not at safepoint (not fully initialized)

VM Mutex/Monitor currently owned by a thread: None

GC Heap History (0 events):
No events

Deoptimization events (0 events):
No events

Internal exceptions (0 events):
No events

Events (0 events):
No events


Dynamic libraries:
00008000-00009000 r-xp 00000000 b3:02 147788     /usr/lib/jvm/jdk-8-oracle-arm32-vfp-hflt/jre/bin/java
00010000-00011000 rw-p 00000000 b3:02 147788     /usr/lib/jvm/jdk-8-oracle-arm32-vfp-hflt/jre/bin/java
015c0000-015e1000 rw-p 00000000 00:00 0          [heap]
33dff000-33eaa000 rw-p 00000000 00:00 0 
33eaa000-33fff000 ---p 00000000 00:00 0 
33fff000-49540000 rw-p 00000000 00:00 0 
740ac000-740ad000 rw-p 00000000 00:00 0 
740ad000-7412c000 ---p 00000000 00:00 0 
7412c000-74154000 rwxp 00000000 00:00 0 
74154000-7612c000 ---p 00000000 00:00 0 
7612c000-76143000 r-xp 00000000 b3:02 147875     /usr/lib/jvm/jdk-8-oracle-arm32-vfp-hflt/jre/lib/arm/libzip.so
76143000-7614a000 ---p 00017000 b3:02 147875     /usr/lib/jvm/jdk-8-oracle-arm32-vfp-hflt/jre/lib/arm/libzip.so
7614a000-7614b000 rw-p 00016000 b3:02 147875     /usr/lib/jvm/jdk-8-oracle-arm32-vfp-hflt/jre/lib/arm/libzip.so
7614b000-76156000 r-xp 00000000 b3:02 131334     /lib/arm-linux-gnueabihf/libnss_files-2.19.so
76156000-76165000 ---p 0000b000 b3:02 131334     /lib/arm-linux-gnueabihf/libnss_files-2.19.so
76165000-76166000 r--p 0000a000 b3:02 131334     /lib/arm-linux-gnueabihf/libnss_files-2.19.so
76166000-76167000 rw-p 0000b000 b3:02 131334     /lib/arm-linux-gnueabihf/libnss_files-2.19.so
76167000-76170000 r-xp 00000000 b3:02 131342     /lib/arm-linux-gnueabihf/libnss_nis-2.19.so
76170000-7617f000 ---p 00009000 b3:02 131342     /lib/arm-linux-gnueabihf/libnss_nis-2.19.so
7617f000-76180000 r--p 00008000 b3:02 131342     /lib/arm-linux-gnueabihf/libnss_nis-2.19.so
76180000-76181000 rw-p 00009000 b3:02 131342     /lib/arm-linux-gnueabihf/libnss_nis-2.19.so
76181000-76192000 r-xp 00000000 b3:02 131331     /lib/arm-linux-gnueabihf/libnsl-2.19.so
76192000-761a1000 ---p 00011000 b3:02 131331     /lib/arm-linux-gnueabihf/libnsl-2.19.so
761a1000-761a2000 r--p 00010000 b3:02 131331     /lib/arm-linux-gnueabihf/libnsl-2.19.so
761a2000-761a3000 rw-p 00011000 b3:02 131331     /lib/arm-linux-gnueabihf/libnsl-2.19.so
761a3000-761a5000 rw-p 00000000 00:00 0 
761a5000-761ac000 r-xp 00000000 b3:02 131332     /lib/arm-linux-gnueabihf/libnss_compat-2.19.so
761ac000-761bb000 ---p 00007000 b3:02 131332     /lib/arm-linux-gnueabihf/libnss_compat-2.19.so
761bb000-761bc000 r--p 00006000 b3:02 131332     /lib/arm-linux-gnueabihf/libnss_compat-2.19.so
761bc000-761bd000 rw-p 00007000 b3:02 131332     /lib/arm-linux-gnueabihf/libnss_compat-2.19.so
761bd000-761e0000 r-xp 00000000 b3:02 147850     /usr/lib/jvm/jdk-8-oracle-arm32-vfp-hflt/jre/lib/arm/libjava.so
761e0000-761e8000 ---p 00023000 b3:02 147850     /usr/lib/jvm/jdk-8-oracle-arm32-vfp-hflt/jre/lib/arm/libjava.so
761e8000-761e9000 rw-p 00023000 b3:02 147850     /usr/lib/jvm/jdk-8-oracle-arm32-vfp-hflt/jre/lib/arm/libjava.so
761e9000-761ef000 r-xp 00000000 b3:02 131360     /lib/arm-linux-gnueabihf/librt-2.19.so
761ef000-761fe000 ---p 00006000 b3:02 131360     /lib/arm-linux-gnueabihf/librt-2.19.so
761fe000-761ff000 r--p 00005000 b3:02 131360     /lib/arm-linux-gnueabihf/librt-2.19.so
761ff000-76200000 rw-p 00006000 b3:02 131360     /lib/arm-linux-gnueabihf/librt-2.19.so
76200000-76221000 rw-p 00000000 00:00 0 
76221000-76300000 ---p 00000000 00:00 0 
76316000-76319000 ---p 00000000 00:00 0 
76319000-76366000 rwxp 00000000 00:00 0 
76366000-763cf000 r-xp 00000000 b3:02 131323     /lib/arm-linux-gnueabihf/libm-2.19.so
763cf000-763df000 ---p 00069000 b3:02 131323     /lib/arm-linux-gnueabihf/libm-2.19.so
763df000-763e0000 r--p 00069000 b3:02 131323     /lib/arm-linux-gnueabihf/libm-2.19.so
763e0000-763e1000 rw-p 0006a000 b3:02 131323     /lib/arm-linux-gnueabihf/libm-2.19.so
763e1000-76964000 r-xp 00000000 b3:02 147877     /usr/lib/jvm/jdk-8-oracle-arm32-vfp-hflt/jre/lib/arm/client/libjvm.so
76964000-7696c000 ---p 00583000 b3:02 147877     /usr/lib/jvm/jdk-8-oracle-arm32-vfp-hflt/jre/lib/arm/client/libjvm.so
7696c000-76998000 rw-p 00583000 b3:02 147877     /usr/lib/jvm/jdk-8-oracle-arm32-vfp-hflt/jre/lib/arm/client/libjvm.so
76998000-76dbb000 rw-p 00000000 00:00 0 
76dbb000-76dd8000 r-xp 00000000 b3:02 131309     /lib/arm-linux-gnueabihf/libgcc_s.so.1
76dd8000-76de7000 ---p 0001d000 b3:02 131309     /lib/arm-linux-gnueabihf/libgcc_s.so.1
76de7000-76de8000 rw-p 0001c000 b3:02 131309     /lib/arm-linux-gnueabihf/libgcc_s.so.1
76de8000-76f13000 r-xp 00000000 b3:02 131295     /lib/arm-linux-gnueabihf/libc-2.19.so
76f13000-76f23000 ---p 0012b000 b3:02 131295     /lib/arm-linux-gnueabihf/libc-2.19.so
76f23000-76f25000 r--p 0012b000 b3:02 131295     /lib/arm-linux-gnueabihf/libc-2.19.so
76f25000-76f26000 rw-p 0012d000 b3:02 131295     /lib/arm-linux-gnueabihf/libc-2.19.so
76f26000-76f29000 rw-p 00000000 00:00 0 
76f29000-76f2b000 r-xp 00000000 b3:02 131303     /lib/arm-linux-gnueabihf/libdl-2.19.so
76f2b000-76f3a000 ---p 00002000 b3:02 131303     /lib/arm-linux-gnueabihf/libdl-2.19.so
76f3a000-76f3b000 r--p 00001000 b3:02 131303     /lib/arm-linux-gnueabihf/libdl-2.19.so
76f3b000-76f3c000 rw-p 00002000 b3:02 131303     /lib/arm-linux-gnueabihf/libdl-2.19.so
76f3c000-76f50000 r-xp 00000000 b3:02 147878     /usr/lib/jvm/jdk-8-oracle-arm32-vfp-hflt/jre/lib/arm/jli/libjli.so
76f50000-76f58000 ---p 00014000 b3:02 147878     /usr/lib/jvm/jdk-8-oracle-arm32-vfp-hflt/jre/lib/arm/jli/libjli.so
76f58000-76f59000 rw-p 00014000 b3:02 147878     /usr/lib/jvm/jdk-8-oracle-arm32-vfp-hflt/jre/lib/arm/jli/libjli.so
76f59000-76f6d000 r-xp 00000000 b3:02 131357     /lib/arm-linux-gnueabihf/libpthread-2.19.so
76f6d000-76f7d000 ---p 00014000 b3:02 131357     /lib/arm-linux-gnueabihf/libpthread-2.19.so
76f7d000-76f7e000 r--p 00014000 b3:02 131357     /lib/arm-linux-gnueabihf/libpthread-2.19.so
76f7e000-76f7f000 rw-p 00015000 b3:02 131357     /lib/arm-linux-gnueabihf/libpthread-2.19.so
76f7f000-76f81000 rw-p 00000000 00:00 0 
76f82000-76f8b000 r-xp 00000000 b3:02 147874     /usr/lib/jvm/jdk-8-oracle-arm32-vfp-hflt/jre/lib/arm/libverify.so
76f8b000-76f93000 ---p 00009000 b3:02 147874     /usr/lib/jvm/jdk-8-oracle-arm32-vfp-hflt/jre/lib/arm/libverify.so
76f93000-76f94000 rw-p 00009000 b3:02 147874     /usr/lib/jvm/jdk-8-oracle-arm32-vfp-hflt/jre/lib/arm/libverify.so
76f94000-76f99000 r-xp 00000000 b3:02 145880     /usr/lib/arm-linux-gnueabihf/libarmmem.so
76f99000-76fa8000 ---p 00005000 b3:02 145880     /usr/lib/arm-linux-gnueabihf/libarmmem.so
76fa8000-76fa9000 rw-p 00004000 b3:02 145880     /usr/lib/arm-linux-gnueabihf/libarmmem.so
76fa9000-76fc9000 r-xp 00000000 b3:02 131262     /lib/arm-linux-gnueabihf/ld-2.19.so
76fca000-76fd2000 rw-s 00000000 b3:02 259532     /tmp/hsperfdata_pi/20416
76fd2000-76fd3000 r--p 00000000 00:00 0 
76fd3000-76fd6000 rw-p 00000000 00:00 0 
76fd6000-76fd8000 rw-p 00000000 00:00 0 
76fd8000-76fd9000 r--p 0001f000 b3:02 131262     /lib/arm-linux-gnueabihf/ld-2.19.so
76fd9000-76fda000 rw-p 00020000 b3:02 131262     /lib/arm-linux-gnueabihf/ld-2.19.so
7ee3e000-7ee5f000 rwxp 00000000 00:00 0          [stack]
7efac000-7efad000 r-xp 00000000 00:00 0          [sigpage]
7efad000-7efae000 r--p 00000000 00:00 0          [vvar]
7efae000-7efaf000 r-xp 00000000 00:00 0          [vdso]
ffff0000-ffff1000 r-xp 00000000 00:00 0          [vectors]

VM Arguments:
jvm_args: -Xms1G -Xmx1G 
java_command: spigot-1.12.2.jar nogui
java_class_path (initial): spigot-1.12.2.jar
Launcher Type: SUN_STANDARD

Environment Variables:
PATH=/usr/local/sbin:/usr/local/bin:/usr/sbin:/usr/bin:/sbin:/bin:/usr/local/games:/usr/games
SHELL=/bin/bash

Signal Handlers:
SIGSEGV: [libjvm.so+0x506638], sa_mask[0]=11111111011111111101111111111110, sa_flags=SA_RESTART|SA_SIGINFO
SIGBUS: [libjvm.so+0x506638], sa_mask[0]=11111111011111111101111111111110, sa_flags=SA_RESTART|SA_SIGINFO
SIGFPE: [libjvm.so+0x3fd4ec], sa_mask[0]=11111111011111111101111111111110, sa_flags=SA_RESTART|SA_SIGINFO
SIGPIPE: [libjvm.so+0x3fd4ec], sa_mask[0]=11111111011111111101111111111110, sa_flags=SA_RESTART|SA_SIGINFO
SIGXFSZ: [libjvm.so+0x3fd4ec], sa_mask[0]=11111111011111111101111111111110, sa_flags=SA_RESTART|SA_SIGINFO
SIGILL: [libjvm.so+0x3fd4ec], sa_mask[0]=11111111011111111101111111111110, sa_flags=SA_RESTART|SA_SIGINFO
SIGUSR1: SIG_DFL, sa_mask[0]=00000000000000000000000000000000, sa_flags=none
SIGUSR2: [libjvm.so+0x3fd650], sa_mask[0]=00000000000000000000000000000000, sa_flags=SA_RESTART|SA_SIGINFO
SIGHUP: SIG_DFL, sa_mask[0]=00000000000000000000000000000000, sa_flags=none
SIGINT: SIG_IGN, sa_mask[0]=00000000000000000000000000000000, sa_flags=none
SIGTERM: SIG_DFL, sa_mask[0]=00000000000000000000000000000000, sa_flags=none
SIGQUIT: SIG_IGN, sa_mask[0]=00000000000000000000000000000000, sa_flags=none


---------------  S Y S T E M  ---------------

OS:PRETTY_NAME="Raspbian GNU/Linux 8 (jessie)"
NAME="Raspbian GNU/Linux"
VERSION_ID="8"
VERSION="8 (jessie)"
ID=raspbian
ID_LIKE=debian
HOME_URL="http://www.raspbian.org/"
SUPPORT_URL="http://www.raspbian.org/RaspbianForums"
BUG_REPORT_URL="http://www.raspbian.org/RaspbianBugs"

uname:Linux 4.9.35-v7+ #1014 SMP Fri Jun 30 14:47:43 BST 2017 armv7l
libc:glibc 2.19 NPTL 2.19 
rlimit: STACK 8192k, CORE 0k, NPROC 7314, NOFILE 65536, AS infinity
load average:0.00 0.02 0.00

/proc/meminfo:
MemTotal:         945512 kB
MemFree:          242624 kB
MemAvailable:     493420 kB
Buffers:           48872 kB
Cached:           261800 kB
SwapCached:         3180 kB
Active:           500792 kB
Inactive:         161976 kB
Active(anon):     298160 kB
Inactive(anon):    73928 kB
Active(file):     202632 kB
Inactive(file):    88048 kB
Unevictable:           0 kB
Mlocked:               0 kB
SwapTotal:        102396 kB
SwapFree:           1376 kB
Dirty:                16 kB
Writeback:             0 kB
AnonPages:        349444 kB
Mapped:            95492 kB
Shmem:             19992 kB
Slab:              22988 kB
SReclaimable:      10340 kB
SUnreclaim:        12648 kB
KernelStack:        2160 kB
PageTables:         5960 kB
NFS_Unstable:          0 kB
Bounce:                0 kB
WritebackTmp:          0 kB
CommitLimit:      575152 kB
Committed_AS:    2887628 kB
VmallocTotal:    1114112 kB
VmallocUsed:           0 kB
VmallocChunk:          0 kB
CmaTotal:           8192 kB
CmaFree:            6792 kB


CPU:total 4 (ARMv7), vfp

/proc/cpuinfo:
processor	: 0
model name	: ARMv7 Processor rev 4 (v7l)
BogoMIPS	: 38.40
Features	: half thumb fastmult vfp edsp neon vfpv3 tls vfpv4 idiva idivt vfpd32 lpae evtstrm crc32 
CPU implementer	: 0x41
CPU architecture: 7
CPU variant	: 0x0
CPU part	: 0xd03
CPU revision	: 4

processor	: 1
model name	: ARMv7 Processor rev 4 (v7l)
BogoMIPS	: 38.40
Features	: half thumb fastmult vfp edsp neon vfpv3 tls vfpv4 idiva idivt vfpd32 lpae evtstrm crc32 
CPU implementer	: 0x41
CPU architecture: 7
CPU variant	: 0x0
CPU part	: 0xd03
CPU revision	: 4

processor	: 2
model name	: ARMv7 Processor rev 4 (v7l)
BogoMIPS	: 38.40
Features	: half thumb fastmult vfp edsp neon vfpv3 tls vfpv4 idiva idivt vfpd32 lpae evtstrm crc32 
CPU implementer	: 0x41
CPU architecture: 7
CPU variant	: 0x0
CPU part	: 0xd03
CPU revision	: 4

processor	: 3
model name	: ARMv7 Processor rev 4 (v7l)
BogoMIPS	: 38.40
Features	: half thumb fastmult vfp edsp neon vfpv3 tls vfpv4 idiva idivt vfpd32 lpae evtstrm crc32 
CPU implementer	: 0x41
CPU architecture: 7
CPU variant	: 0x0
CPU part	: 0xd03
CPU revision	: 4

Hardware	: BCM2835
Revision	: a22082
Serial		: 00000000609a8562


Memory: 4k page, physical 945512k(242624k free), swap 102396k(1376k free)

vm_info: Java HotSpot(TM) Client VM (25.65-b01) for linux-arm-vfp-hflt JRE (1.8.0_65-b17), built on Oct  6 2015 16:19:04 by "java_re" with gcc 4.7.2 20120910 (prerelease)

time: Thu Sep 28 19:40:25 2017
elapsed time: 0 seconds (0d 0h 0m 0s)

