[17:11:00] [Server thread/INFO]: Starting minecraft server version 1.12.1
[17:11:00] [Server thread/INFO]: Loading properties
[17:11:00] [Server thread/INFO]: Default game type: CREATIVE
[17:11:01] [Server thread/INFO]: This server is running CraftBukkit version git-Spigot-da42974-8f47214 (MC: 1.12.1) (Implementing API version 1.12.1-R0.1-SNAPSHOT)
[17:11:01] [Server thread/INFO]: Using 4 threads for Netty based IO
[17:11:01] [Server thread/INFO]: Server Ping Player Sample Count: 12
[17:11:01] [Server thread/INFO]: Debug logging is disabled
[17:11:01] [Server thread/INFO]: Generating keypair
[17:11:03] [Server thread/INFO]: Starting Minecraft server on *:25565
[17:11:03] [Server thread/INFO]: Using default channel type
[17:11:04] [Server thread/INFO]: Set PluginClassLoader as parallel capable
[17:11:04] [Server thread/INFO]: [BKCommonLib] Loading BKCommonLib v1.12.1-v3
[17:11:19] [Server thread/INFO]: [Train_Carts] Loading Train_Carts v1.12.1-v2
[17:11:19] [Server thread/INFO]: [BKCommonLib] Enabling BKCommonLib v1.12.1-v3
[17:11:19] [Server thread/INFO]: [BKCommonLib] BKCommonLib is running on Spigot (git-Spigot-da42974-8f47214) : v1_12_R1 (Minecraft 1.12.1)
[17:11:19] [Server thread/INFO]: [BKCommonLib] [Network] Now using a PlayerConnection hook to provide Packet Listener and Monitor support
[17:11:19] [Server thread/INFO]: [BKCommonLib] Not enough wrappers. Needs more wrappers. Moooreee...
[17:11:20] [Server thread/INFO]: [BKCommonLib] BKCommonLib version 1.12.1-v3 (build: 211) enabled! (1.041s)
[17:11:20] [Server thread/WARN]: **** SERVER IS RUNNING IN OFFLINE/INSECURE MODE!
[17:11:20] [Server thread/WARN]: The server will make no attempt to authenticate usernames. Beware.
[17:11:20] [Server thread/WARN]: While this makes the game possible to play without internet access, it also opens up the ability for hackers to connect with any username they choose.
[17:11:20] [Server thread/WARN]: To change this, set "online-mode" to "true" in the server.properties file.
[17:11:20] [Server thread/INFO]: **** Beginning UUID conversion, this may take A LONG time ****
[17:11:20] [Server thread/INFO]: Preparing level "world"
[17:11:20] [Server thread/INFO]: -------- World Settings For [world] --------
[17:11:20] [Server thread/INFO]: Arrow Despawn Rate: 1200
[17:11:20] [Server thread/INFO]: Allow Zombie Pigmen to spawn from portal blocks: true
[17:11:20] [Server thread/INFO]: Experience Merge Radius: 3.0
[17:11:20] [Server thread/INFO]: Zombie Aggressive Towards Villager: true
[17:11:20] [Server thread/INFO]: View Distance: 10
[17:11:20] [Server thread/INFO]: Item Despawn Rate: 6000
[17:11:20] [Server thread/INFO]: Item Merge Radius: 2.5
[17:11:20] [Server thread/INFO]: Nerfing mobs spawned from spawners: false
[17:11:20] [Server thread/INFO]: Mob Spawn Range: 4
[17:11:20] [Server thread/INFO]: Cactus Growth Modifier: 100%
[17:11:20] [Server thread/INFO]: Cane Growth Modifier: 100%
[17:11:20] [Server thread/INFO]: Melon Growth Modifier: 100%
[17:11:20] [Server thread/INFO]: Mushroom Growth Modifier: 100%
[17:11:20] [Server thread/INFO]: Pumpkin Growth Modifier: 100%
[17:11:20] [Server thread/INFO]: Sapling Growth Modifier: 100%
[17:11:20] [Server thread/INFO]: Wheat Growth Modifier: 100%
[17:11:20] [Server thread/INFO]: NetherWart Growth Modifier: 100%
[17:11:20] [Server thread/INFO]: Vine Growth Modifier: 100%
[17:11:20] [Server thread/INFO]: Cocoa Growth Modifier: 100%
[17:11:20] [Server thread/INFO]: Entity Activation Range: An 32 / Mo 32 / Mi 16
[17:11:20] [Server thread/INFO]: Entity Tracking Range: Pl 48 / An 48 / Mo 48 / Mi 32 / Other 64
[17:11:20] [Server thread/INFO]: Hopper Transfer: 8 Hopper Check: 1 Hopper Amount: 1
[17:11:20] [Server thread/INFO]: Random Lighting Updates: false
[17:11:20] [Server thread/INFO]: Structure Info Saving: true
[17:11:20] [Server thread/INFO]: Custom Map Seeds:  Village: 10387312 Feature: 14357617 Monument: 10387313 Slime: 987234911
[17:11:20] [Server thread/INFO]: Max TNT Explosions: 100
[17:11:20] [Server thread/INFO]: Tile Max Tick Time: 50ms Entity max Tick Time: 50ms
[17:11:24] [Server thread/INFO]: -------- World Settings For [world_nether] --------
[17:11:24] [Server thread/INFO]: Arrow Despawn Rate: 1200
[17:11:24] [Server thread/INFO]: Allow Zombie Pigmen to spawn from portal blocks: true
[17:11:24] [Server thread/INFO]: Experience Merge Radius: 3.0
[17:11:24] [Server thread/INFO]: Zombie Aggressive Towards Villager: true
[17:11:24] [Server thread/INFO]: View Distance: 10
[17:11:24] [Server thread/INFO]: Item Despawn Rate: 6000
[17:11:24] [Server thread/INFO]: Item Merge Radius: 2.5
[17:11:24] [Server thread/INFO]: Nerfing mobs spawned from spawners: false
[17:11:24] [Server thread/INFO]: Mob Spawn Range: 4
[17:11:24] [Server thread/INFO]: Cactus Growth Modifier: 100%
[17:11:24] [Server thread/INFO]: Cane Growth Modifier: 100%
[17:11:24] [Server thread/INFO]: Melon Growth Modifier: 100%
[17:11:24] [Server thread/INFO]: Mushroom Growth Modifier: 100%
[17:11:24] [Server thread/INFO]: Pumpkin Growth Modifier: 100%
[17:11:24] [Server thread/INFO]: Sapling Growth Modifier: 100%
[17:11:24] [Server thread/INFO]: Wheat Growth Modifier: 100%
[17:11:24] [Server thread/INFO]: NetherWart Growth Modifier: 100%
[17:11:24] [Server thread/INFO]: Vine Growth Modifier: 100%
[17:11:24] [Server thread/INFO]: Cocoa Growth Modifier: 100%
[17:11:24] [Server thread/INFO]: Entity Activation Range: An 32 / Mo 32 / Mi 16
[17:11:24] [Server thread/INFO]: Entity Tracking Range: Pl 48 / An 48 / Mo 48 / Mi 32 / Other 64
[17:11:24] [Server thread/INFO]: Hopper Transfer: 8 Hopper Check: 1 Hopper Amount: 1
[17:11:24] [Server thread/INFO]: Random Lighting Updates: false
[17:11:24] [Server thread/INFO]: Structure Info Saving: true
[17:11:24] [Server thread/INFO]: Custom Map Seeds:  Village: 10387312 Feature: 14357617 Monument: 10387313 Slime: 987234911
[17:11:24] [Server thread/INFO]: Max TNT Explosions: 100
[17:11:24] [Server thread/INFO]: Tile Max Tick Time: 50ms Entity max Tick Time: 50ms
[17:11:24] [Server thread/INFO]: -------- World Settings For [world_the_end] --------
[17:11:24] [Server thread/INFO]: Arrow Despawn Rate: 1200
[17:11:24] [Server thread/INFO]: Allow Zombie Pigmen to spawn from portal blocks: true
[17:11:24] [Server thread/INFO]: Experience Merge Radius: 3.0
[17:11:24] [Server thread/INFO]: Zombie Aggressive Towards Villager: true
[17:11:24] [Server thread/INFO]: View Distance: 10
[17:11:24] [Server thread/INFO]: Item Despawn Rate: 6000
[17:11:24] [Server thread/INFO]: Item Merge Radius: 2.5
[17:11:24] [Server thread/INFO]: Nerfing mobs spawned from spawners: false
[17:11:24] [Server thread/INFO]: Mob Spawn Range: 4
[17:11:24] [Server thread/INFO]: Cactus Growth Modifier: 100%
[17:11:24] [Server thread/INFO]: Cane Growth Modifier: 100%
[17:11:24] [Server thread/INFO]: Melon Growth Modifier: 100%
[17:11:24] [Server thread/INFO]: Mushroom Growth Modifier: 100%
[17:11:24] [Server thread/INFO]: Pumpkin Growth Modifier: 100%
[17:11:24] [Server thread/INFO]: Sapling Growth Modifier: 100%
[17:11:24] [Server thread/INFO]: Wheat Growth Modifier: 100%
[17:11:24] [Server thread/INFO]: NetherWart Growth Modifier: 100%
[17:11:24] [Server thread/INFO]: Vine Growth Modifier: 100%
[17:11:24] [Server thread/INFO]: Cocoa Growth Modifier: 100%
[17:11:24] [Server thread/INFO]: Entity Activation Range: An 32 / Mo 32 / Mi 16
[17:11:24] [Server thread/INFO]: Entity Tracking Range: Pl 48 / An 48 / Mo 48 / Mi 32 / Other 64
[17:11:24] [Server thread/INFO]: Hopper Transfer: 8 Hopper Check: 1 Hopper Amount: 1
[17:11:24] [Server thread/INFO]: Random Lighting Updates: false
[17:11:24] [Server thread/INFO]: Structure Info Saving: true
[17:11:24] [Server thread/INFO]: Custom Map Seeds:  Village: 10387312 Feature: 14357617 Monument: 10387313 Slime: 987234911
[17:11:24] [Server thread/INFO]: Max TNT Explosions: 100
[17:11:24] [Server thread/INFO]: Tile Max Tick Time: 50ms Entity max Tick Time: 50ms
[17:11:25] [Server thread/INFO]: Preparing start region for level 0 (Seed: 7708811121987511181)
[17:11:29] [Server thread/INFO]: Preparing spawn area: 0%
[17:11:30] [Server thread/INFO]: Preparing spawn area: 3%
[17:11:31] [Server thread/INFO]: Preparing spawn area: 7%
[17:11:32] [Server thread/INFO]: Preparing spawn area: 11%
[17:11:33] [Server thread/INFO]: Preparing spawn area: 18%
[17:11:34] [Server thread/INFO]: Preparing spawn area: 27%
[17:11:35] [Server thread/INFO]: Preparing spawn area: 34%
[17:11:36] [Server thread/INFO]: Preparing spawn area: 43%
[17:11:37] [Server thread/INFO]: Preparing spawn area: 48%
[17:11:38] [Server thread/INFO]: Preparing spawn area: 52%
[17:11:39] [Server thread/INFO]: Preparing spawn area: 57%
[17:11:40] [Server thread/INFO]: Preparing spawn area: 65%
[17:11:41] [Server thread/INFO]: Preparing spawn area: 75%
[17:11:42] [Server thread/INFO]: Preparing spawn area: 81%
[17:11:43] [Server thread/INFO]: Preparing spawn area: 91%
[17:11:44] [Server thread/INFO]: Preparing start region for level 1 (Seed: 7708811121987511181)
[17:11:45] [Server thread/INFO]: Preparing spawn area: 7%
[17:11:46] [Server thread/INFO]: Preparing spawn area: 15%
[17:11:47] [Server thread/INFO]: Preparing spawn area: 22%
[17:11:48] [Server thread/INFO]: Preparing spawn area: 28%
[17:11:49] [Server thread/INFO]: Preparing spawn area: 36%
[17:11:50] [Server thread/INFO]: Preparing spawn area: 44%
[17:11:51] [Server thread/INFO]: Preparing spawn area: 52%
[17:11:52] [Server thread/INFO]: Preparing spawn area: 60%
[17:11:53] [Server thread/INFO]: Preparing spawn area: 68%
[17:11:54] [Server thread/INFO]: Preparing spawn area: 72%
[17:11:55] [Server thread/INFO]: Preparing spawn area: 76%
[17:11:56] [Server thread/INFO]: Preparing spawn area: 80%
[17:11:57] [Server thread/INFO]: Preparing spawn area: 88%
[17:11:58] [Server thread/INFO]: Preparing spawn area: 96%
[17:11:59] [Server thread/INFO]: Preparing start region for level 2 (Seed: 7708811121987511181)
[17:12:00] [Server thread/INFO]: [Train_Carts] Enabling Train_Carts v1.12.1-v2
[17:12:02] [Server thread/INFO]: [Train_Carts] 10 Trains have been loaded in 1 world. (17 Minecarts)
[17:12:06] [Server thread/INFO]: [Train_Carts] 0 detector rail regions loaded covering 0 blocks
[17:12:06] [Server thread/INFO]: [Train_Carts] Restoring trains and loading nearby chunks...
[17:12:07] [Server thread/INFO]: [Train_Carts] Train_Carts version 1.12.1-v2 (build: 95) enabled! (7.433s)
[17:12:07] [Server thread/INFO]: Server permissions file permissions.yml is empty, ignoring it
[17:12:07] [Server thread/INFO]: Done (47.773s)! For help, type "help" or "?"
[17:12:33] [User Authenticator #1/INFO]: UUID of player yuriydee is 01e8966a-01f2-3f9a-b957-9223b2acbee5
[17:12:35] [Server thread/INFO]: yuriydee[/192.168.1.11:51679] logged in with entity id 159 at ([world]-315.1576614862475, 62.0, 406.19968515498005)
[17:12:49] [Server thread/INFO]: yuriydee issued server command: /times set 7
[17:12:56] [Server thread/INFO]: yuriydee issued server command: /time set 7
[17:12:56] [Server thread/INFO]: [yuriydee: Set the time to 7]
[17:23:39] [Server thread/INFO]: yuriydee issued server command: /time set 6
[17:23:39] [Server thread/INFO]: [yuriydee: Set the time to 6]
[17:25:42] [Server thread/WARN]: [Train_Carts] 1 carts of group 'train7' are missing! (externally edited?)
[17:25:42] [Server thread/WARN]: [Train_Carts] 1 carts of group 'train8' are missing! (externally edited?)
[17:25:42] [Server thread/WARN]: [Train_Carts] 1 carts of group 'train9' are missing! (externally edited?)
[17:25:42] [Server thread/WARN]: [Train_Carts] 3 carts of group 'train6' are missing! (externally edited?)
[17:25:44] [Server thread/WARN]: [Train_Carts] 1 carts of group 'train10' are missing! (externally edited?)
[17:34:25] [Server thread/INFO]: yuriydee issued server command: /time set 7
[17:34:25] [Server thread/INFO]: [yuriydee: Set the time to 7]
[17:34:33] [Server thread/INFO]: yuriydee issued server command: /save-all
[17:34:36] [Server thread/INFO]: [yuriydee: Saved the world]
[17:45:22] [Server thread/INFO]: yuriydee issued server command: /time set 6
[17:45:22] [Server thread/INFO]: [yuriydee: Set the time to 6]
[17:45:26] [Server thread/INFO]: yuriydee issued server command: /weather clear
[17:45:26] [Server thread/INFO]: [yuriydee: Changing to clear weather]
[17:58:49] [Server thread/INFO]: yuriydee issued server command: /save-all
[17:58:52] [Server thread/INFO]: [yuriydee: Saved the world]
[17:58:54] [Server thread/INFO]: yuriydee lost connection: Disconnected
[17:58:54] [Server thread/INFO]: yuriydee left the game
